app/build/intermediates/manifest_merge_blame_file/debug/manifest-merger-blame-debug-report.txt
1<?xml version="1.0" encoding="utf-8"?>
2<manifest xmlns:android="http://schemas.android.com/apk/res/android"
3    package="by.ssrlab.NASB"
4    android:versionCode="1"
5    android:versionName="1.0" >
6
7    <uses-sdk
8        android:minSdkVersion="28"
8-->src\main\AndroidManifest.xml
9        android:targetSdkVersion="32" />
9-->src\main\AndroidManifest.xml
10
11    <!-- Include required permissions for Google Maps API to run. -->
12    <uses-permission android:name="android.permission.ACCESS_NETWORK_STATE" />
12-->[com.google.android.gms:play-services-maps:18.1.0] AndroidManifest.xml:23:5-79
12-->[com.google.android.gms:play-services-maps:18.1.0] AndroidManifest.xml:23:22-76
13    <uses-permission android:name="android.permission.INTERNET" />
13-->[com.google.android.gms:play-services-maps:18.1.0] AndroidManifest.xml:24:5-67
13-->[com.google.android.gms:play-services-maps:18.1.0] AndroidManifest.xml:24:22-64
14
15    <uses-feature
15-->[com.google.android.gms:play-services-maps:18.1.0] AndroidManifest.xml:26:5-28:35
16        android:glEsVersion="0x00020000"
16-->[com.google.android.gms:play-services-maps:18.1.0] AndroidManifest.xml:27:9-41
17        android:required="true" />
17-->[com.google.android.gms:play-services-maps:18.1.0] AndroidManifest.xml:28:9-32
18
19    <queries>
19-->[com.google.android.gms:play-services-maps:18.1.0] AndroidManifest.xml:30:5-34:15
20
21        <!-- Needs to be explicitly declared on Android R+ -->
22        <package android:name="com.google.android.apps.maps" />
22-->[com.google.android.gms:play-services-maps:18.1.0] AndroidManifest.xml:33:9-64
22-->[com.google.android.gms:play-services-maps:18.1.0] AndroidManifest.xml:33:18-61
23    </queries>
24
25    <application
25-->src\main\AndroidManifest.xml:6:5-28:19
26        android:name="by.ssrlab.NASB.app.App"
26-->src\main\AndroidManifest.xml:7:9-46
27        android:allowBackup="true"
27-->src\main\AndroidManifest.xml:8:9-35
28        android:appComponentFactory="androidx.core.app.CoreComponentFactory"
28-->[androidx.core:core:1.8.0] AndroidManifest.xml:24:18-86
29        android:dataExtractionRules="@xml/data_extraction_rules"
29-->src\main\AndroidManifest.xml:9:9-65
30        android:debuggable="true"
31        android:extractNativeLibs="false"
32        android:fullBackupContent="@xml/backup_rules"
32-->src\main\AndroidManifest.xml:10:9-54
33        android:icon="@mipmap/ic_launcher"
33-->src\main\AndroidManifest.xml:11:9-43
34        android:label="@string/app_name"
34-->src\main\AndroidManifest.xml:12:9-41
35        android:roundIcon="@mipmap/ic_launcher_round"
35-->src\main\AndroidManifest.xml:13:9-54
36        android:supportsRtl="true"
36-->src\main\AndroidManifest.xml:14:9-35
37        android:testOnly="true"
38        android:theme="@style/Theme.NASB" >
38-->src\main\AndroidManifest.xml:15:9-42
39        <activity
39-->src\main\AndroidManifest.xml:17:9-27:20
40            android:name="by.ssrlab.NASB.MainActivity"
40-->src\main\AndroidManifest.xml:18:13-41
41            android:exported="true"
41-->src\main\AndroidManifest.xml:19:13-36
42            android:label="@string/app_name"
42-->src\main\AndroidManifest.xml:20:13-45
43            android:launchMode="singleTop" >
43-->src\main\AndroidManifest.xml:21:13-43
44            <intent-filter>
44-->src\main\AndroidManifest.xml:22:13-26:29
45                <action android:name="android.intent.action.MAIN" />
45-->src\main\AndroidManifest.xml:23:17-69
45-->src\main\AndroidManifest.xml:23:25-66
46
47                <category android:name="android.intent.category.LAUNCHER" />
47-->src\main\AndroidManifest.xml:25:17-77
47-->src\main\AndroidManifest.xml:25:27-74
48            </intent-filter>
49        </activity>
50
51        <uses-library
51-->[androidx.window:window:1.0.0] AndroidManifest.xml:25:9-27:40
52            android:name="androidx.window.extensions"
52-->[androidx.window:window:1.0.0] AndroidManifest.xml:26:13-54
53            android:required="false" />
53-->[androidx.window:window:1.0.0] AndroidManifest.xml:27:13-37
54        <uses-library
54-->[androidx.window:window:1.0.0] AndroidManifest.xml:28:9-30:40
55            android:name="androidx.window.sidecar"
55-->[androidx.window:window:1.0.0] AndroidManifest.xml:29:13-51
56            android:required="false" /> <!-- Needs to be explicitly declared on P+ -->
56-->[androidx.window:window:1.0.0] AndroidManifest.xml:30:13-37
57        <uses-library
57-->[com.google.android.gms:play-services-maps:18.1.0] AndroidManifest.xml:39:9-41:40
58            android:name="org.apache.http.legacy"
58-->[com.google.android.gms:play-services-maps:18.1.0] AndroidManifest.xml:40:13-50
59            android:required="false" />
59-->[com.google.android.gms:play-services-maps:18.1.0] AndroidManifest.xml:41:13-37
60
61        <activity
61-->[com.google.android.gms:play-services-base:18.0.1] AndroidManifest.xml:20:9-22:45
62            android:name="com.google.android.gms.common.api.GoogleApiActivity"
62-->[com.google.android.gms:play-services-base:18.0.1] AndroidManifest.xml:20:19-85
63            android:exported="false"
63-->[com.google.android.gms:play-services-base:18.0.1] AndroidManifest.xml:22:19-43
64            android:theme="@android:style/Theme.Translucent.NoTitleBar" />
64-->[com.google.android.gms:play-services-base:18.0.1] AndroidManifest.xml:21:19-78
65
66        <meta-data
66-->[com.google.android.gms:play-services-basement:18.0.0] AndroidManifest.xml:21:9-23:69
67            android:name="com.google.android.gms.version"
67-->[com.google.android.gms:play-services-basement:18.0.0] AndroidManifest.xml:22:13-58
68            android:value="@integer/google_play_services_version" />
68-->[com.google.android.gms:play-services-basement:18.0.0] AndroidManifest.xml:23:13-66
69
70        <service
70-->[androidx.room:room-runtime:2.4.2] AndroidManifest.xml:25:9-28:40
71            android:name="androidx.room.MultiInstanceInvalidationService"
71-->[androidx.room:room-runtime:2.4.2] AndroidManifest.xml:26:13-74
72            android:directBootAware="true"
72-->[androidx.room:room-runtime:2.4.2] AndroidManifest.xml:27:13-43
73            android:exported="false" />
73-->[androidx.room:room-runtime:2.4.2] AndroidManifest.xml:28:13-37
74
75        <provider
75-->[androidx.lifecycle:lifecycle-process:2.2.0] AndroidManifest.xml:25:9-29:43
76            android:name="androidx.lifecycle.ProcessLifecycleOwnerInitializer"
76-->[androidx.lifecycle:lifecycle-process:2.2.0] AndroidManifest.xml:26:13-79
77            android:authorities="by.ssrlab.NASB.lifecycle-process"
77-->[androidx.lifecycle:lifecycle-process:2.2.0] AndroidManifest.xml:27:13-69
78            android:exported="false"
78-->[androidx.lifecycle:lifecycle-process:2.2.0] AndroidManifest.xml:28:13-37
79            android:multiprocess="true" />
79-->[androidx.lifecycle:lifecycle-process:2.2.0] AndroidManifest.xml:29:13-40
80    </application>
81
82</manifest>